24-Feb-2026 00:14:42.246 INFO [main] org.apache.catalina.startup.VersionLoggerListener.log Server version name:   Apache Tomcat/10.1.52
24-Feb-2026 00:14:42.259 INFO [main] org.apache.catalina.startup.VersionLoggerListener.log Server built:          Jan 23 2026 19:29:07 UTC
24-Feb-2026 00:14:42.260 INFO [main] org.apache.catalina.startup.VersionLoggerListener.log Server version number: 10.1.52.0
24-Feb-2026 00:14:42.261 INFO [main] org.apache.catalina.startup.VersionLoggerListener.log OS Name:               Windows 11
24-Feb-2026 00:14:42.262 INFO [main] org.apache.catalina.startup.VersionLoggerListener.log OS Version:            10.0
24-Feb-2026 00:14:42.263 INFO [main] org.apache.catalina.startup.VersionLoggerListener.log Architecture:          amd64
24-Feb-2026 00:14:42.264 INFO [main] org.apache.catalina.startup.VersionLoggerListener.log Java Home:             C:\Program Files\Java\jdk-21.0.10
24-Feb-2026 00:14:42.265 INFO [main] org.apache.catalina.startup.VersionLoggerListener.log JVM Version:           21.0.10+8-LTS-217
24-Feb-2026 00:14:42.267 INFO [main] org.apache.catalina.startup.VersionLoggerListener.log JVM Vendor:            Oracle Corporation
24-Feb-2026 00:14:42.270 INFO [main] org.apache.catalina.startup.VersionLoggerListener.log CATALINA_BASE:         C:\myWebProject\tomcat
24-Feb-2026 00:14:42.272 INFO [main] org.apache.catalina.startup.VersionLoggerListener.log CATALINA_HOME:         C:\myWebProject\tomcat
24-Feb-2026 00:14:42.310 INFO [main] org.apache.catalina.startup.VersionLoggerListener.log Command line argument: -Djava.util.logging.config.file=C:\myWebProject\tomcat\conf\logging.properties
24-Feb-2026 00:14:42.310 INFO [main] org.apache.catalina.startup.VersionLoggerListener.log Command line argument: -Djava.util.logging.manager=org.apache.juli.ClassLoaderLogManager
24-Feb-2026 00:14:42.311 INFO [main] org.apache.catalina.startup.VersionLoggerListener.log Command line argument: -Djdk.tls.ephemeralDHKeySize=2048
24-Feb-2026 00:14:42.311 INFO [main] org.apache.catalina.startup.VersionLoggerListener.log Command line argument: -Djava.protocol.handler.pkgs=org.apache.catalina.webresources
24-Feb-2026 00:14:42.312 INFO [main] org.apache.catalina.startup.VersionLoggerListener.log Command line argument: -Dsun.io.useCanonCaches=false
24-Feb-2026 00:14:42.313 INFO [main] org.apache.catalina.startup.VersionLoggerListener.log Command line argument: --add-opens=java.base/java.lang=ALL-UNNAMED
24-Feb-2026 00:14:42.313 INFO [main] org.apache.catalina.startup.VersionLoggerListener.log Command line argument: --add-opens=java.base/java.lang.reflect=ALL-UNNAMED
24-Feb-2026 00:14:42.313 INFO [main] org.apache.catalina.startup.VersionLoggerListener.log Command line argument: --add-opens=java.base/java.io=ALL-UNNAMED
24-Feb-2026 00:14:42.313 INFO [main] org.apache.catalina.startup.VersionLoggerListener.log Command line argument: --add-opens=java.base/java.util=ALL-UNNAMED
24-Feb-2026 00:14:42.315 INFO [main] org.apache.catalina.startup.VersionLoggerListener.log Command line argument: --add-opens=java.base/java.util.concurrent=ALL-UNNAMED
24-Feb-2026 00:14:42.315 INFO [main] org.apache.catalina.startup.VersionLoggerListener.log Command line argument: --add-opens=java.rmi/sun.rmi.transport=ALL-UNNAMED
24-Feb-2026 00:14:42.315 INFO [main] org.apache.catalina.startup.VersionLoggerListener.log Command line argument: -Dcatalina.base=C:\myWebProject\tomcat
24-Feb-2026 00:14:42.315 INFO [main] org.apache.catalina.startup.VersionLoggerListener.log Command line argument: -Dcatalina.home=C:\myWebProject\tomcat
24-Feb-2026 00:14:42.315 INFO [main] org.apache.catalina.startup.VersionLoggerListener.log Command line argument: -Djava.io.tmpdir=C:\myWebProject\tomcat\temp
24-Feb-2026 00:14:42.334 INFO [main] org.apache.catalina.core.AprLifecycleListener.lifecycleEvent The Apache Tomcat Native library which allows using OpenSSL was not found on the java.library.path: [C:\Program Files\Java\jdk-21.0.10\bin;C:\WINDOWS\Sun\Java\bin;C:\WINDOWS\system32;C:\WINDOWS;C:\Program Files\Common Files\Oracle\Java\javapath;C:\Program Files\PlasticSCM5\server;C:\Program Files\PlasticSCM5\client;C:\WINDOWS\system32;C:\WINDOWS;C:\WINDOWS\System32\Wbem;C:\WINDOWS\System32\WindowsPowerShell\v1.0\;C:\WINDOWS\System32\OpenSSH\;C:\Program Files (x86)\PuTTY\;C:\Program Files\dotnet\;C:\Program Files\Apryse Software\Xodo PDF Studio\jre\bin\server;C:\Users\darre\AppData\Local\Programs\Python\Launcher\;C:\Users\darre\AppData\Local\Microsoft\WindowsApps;C:\Users\darre\AppData\Local\spicetify;C:\Users\darre\AppData\Local\Programs\Microsoft VS Code\bin;C:\Users\darre\AppData\Local\Microsoft\WindowsApps;C:\Users\darre\AppData\Local\Muse Hub\lib;C:\Users\darre\AppData\Local\GitHubDesktop\bin;.]
24-Feb-2026 00:14:43.001 INFO [main] org.apache.coyote.AbstractProtocol.init Initializing ProtocolHandler ["http-nio-9999"]
24-Feb-2026 00:14:43.056 INFO [main] org.apache.catalina.startup.Catalina.load Server initialization in [1375] milliseconds
24-Feb-2026 00:14:43.180 INFO [main] org.apache.catalina.core.StandardService.startInternal Starting service [Catalina]
24-Feb-2026 00:14:43.181 INFO [main] org.apache.catalina.core.StandardEngine.startInternal Starting Servlet engine: [Apache Tomcat/10.1.52]
24-Feb-2026 00:14:43.213 INFO [main] org.apache.catalina.startup.HostConfig.deployDirectory Deploying web application directory [C:\myWebProject\tomcat\webapps\docs]
24-Feb-2026 00:14:43.946 INFO [main] org.apache.catalina.startup.HostConfig.deployDirectory Deployment of web application directory [C:\myWebProject\tomcat\webapps\docs] has finished in [733] ms
24-Feb-2026 00:14:43.948 INFO [main] org.apache.catalina.startup.HostConfig.deployDirectory Deploying web application directory [C:\myWebProject\tomcat\webapps\examples]
24-Feb-2026 00:14:45.973 INFO [main] org.apache.catalina.startup.HostConfig.deployDirectory Deployment of web application directory [C:\myWebProject\tomcat\webapps\examples] has finished in [2,025] ms
24-Feb-2026 00:14:45.975 INFO [main] org.apache.catalina.startup.HostConfig.deployDirectory Deploying web application directory [C:\myWebProject\tomcat\webapps\host-manager]
24-Feb-2026 00:14:46.057 INFO [main] org.apache.catalina.startup.HostConfig.deployDirectory Deployment of web application directory [C:\myWebProject\tomcat\webapps\host-manager] has finished in [82] ms
24-Feb-2026 00:14:46.060 INFO [main] org.apache.catalina.startup.HostConfig.deployDirectory Deploying web application directory [C:\myWebProject\tomcat\webapps\manager]
24-Feb-2026 00:14:46.132 INFO [main] org.apache.catalina.startup.HostConfig.deployDirectory Deployment of web application directory [C:\myWebProject\tomcat\webapps\manager] has finished in [72] ms
24-Feb-2026 00:14:46.133 INFO [main] org.apache.catalina.startup.HostConfig.deployDirectory Deploying web application directory [C:\myWebProject\tomcat\webapps\ROOT]
24-Feb-2026 00:14:46.179 INFO [main] org.apache.catalina.startup.HostConfig.deployDirectory Deployment of web application directory [C:\myWebProject\tomcat\webapps\ROOT] has finished in [46] ms
24-Feb-2026 00:14:46.182 INFO [main] org.apache.coyote.AbstractProtocol.start Starting ProtocolHandler ["http-nio-9999"]
24-Feb-2026 00:14:46.231 INFO [main] org.apache.catalina.startup.Catalina.start Server startup in [3177] milliseconds
24-Feb-2026 00:26:16.698 INFO [Thread-1] org.apache.coyote.AbstractProtocol.pause Pausing ProtocolHandler ["http-nio-9999"]
24-Feb-2026 00:26:16.711 INFO [Thread-1] org.apache.catalina.core.StandardService.stopInternal Stopping service [Catalina]
24-Feb-2026 00:26:16.762 INFO [Thread-1] org.apache.coyote.AbstractProtocol.stop Stopping ProtocolHandler ["http-nio-9999"]
24-Feb-2026 00:26:16.775 INFO [Thread-1] org.apache.coyote.AbstractProtocol.destroy Destroying ProtocolHandler ["http-nio-9999"]
24-Feb-2026 00:29:19.187 INFO [main] org.apache.catalina.startup.VersionLoggerListener.log Server version name:   Apache Tomcat/10.1.52
24-Feb-2026 00:29:19.197 INFO [main] org.apache.catalina.startup.VersionLoggerListener.log Server built:          Jan 23 2026 19:29:07 UTC
24-Feb-2026 00:29:19.199 INFO [main] org.apache.catalina.startup.VersionLoggerListener.log Server version number: 10.1.52.0
24-Feb-2026 00:29:19.199 INFO [main] org.apache.catalina.startup.VersionLoggerListener.log OS Name:               Windows 11
24-Feb-2026 00:29:19.201 INFO [main] org.apache.catalina.startup.VersionLoggerListener.log OS Version:            10.0
24-Feb-2026 00:29:19.201 INFO [main] org.apache.catalina.startup.VersionLoggerListener.log Architecture:          amd64
24-Feb-2026 00:29:19.201 INFO [main] org.apache.catalina.startup.VersionLoggerListener.log Java Home:             C:\Program Files\Java\jdk-21.0.10
24-Feb-2026 00:29:19.203 INFO [main] org.apache.catalina.startup.VersionLoggerListener.log JVM Version:           21.0.10+8-LTS-217
24-Feb-2026 00:29:19.203 INFO [main] org.apache.catalina.startup.VersionLoggerListener.log JVM Vendor:            Oracle Corporation
24-Feb-2026 00:29:19.203 INFO [main] org.apache.catalina.startup.VersionLoggerListener.log CATALINA_BASE:         C:\myWebProject\tomcat
24-Feb-2026 00:29:19.203 INFO [main] org.apache.catalina.startup.VersionLoggerListener.log CATALINA_HOME:         C:\myWebProject\tomcat
24-Feb-2026 00:29:19.229 INFO [main] org.apache.catalina.startup.VersionLoggerListener.log Command line argument: -Djava.util.logging.config.file=C:\myWebProject\tomcat\conf\logging.properties
24-Feb-2026 00:29:19.229 INFO [main] org.apache.catalina.startup.VersionLoggerListener.log Command line argument: -Djava.util.logging.manager=org.apache.juli.ClassLoaderLogManager
24-Feb-2026 00:29:19.229 INFO [main] org.apache.catalina.startup.VersionLoggerListener.log Command line argument: -Djdk.tls.ephemeralDHKeySize=2048
24-Feb-2026 00:29:19.229 INFO [main] org.apache.catalina.startup.VersionLoggerListener.log Command line argument: -Djava.protocol.handler.pkgs=org.apache.catalina.webresources
24-Feb-2026 00:29:19.229 INFO [main] org.apache.catalina.startup.VersionLoggerListener.log Command line argument: -Dsun.io.useCanonCaches=false
24-Feb-2026 00:29:19.229 INFO [main] org.apache.catalina.startup.VersionLoggerListener.log Command line argument: --add-opens=java.base/java.lang=ALL-UNNAMED
24-Feb-2026 00:29:19.229 INFO [main] org.apache.catalina.startup.VersionLoggerListener.log Command line argument: --add-opens=java.base/java.lang.reflect=ALL-UNNAMED
24-Feb-2026 00:29:19.229 INFO [main] org.apache.catalina.startup.VersionLoggerListener.log Command line argument: --add-opens=java.base/java.io=ALL-UNNAMED
24-Feb-2026 00:29:19.232 INFO [main] org.apache.catalina.startup.VersionLoggerListener.log Command line argument: --add-opens=java.base/java.util=ALL-UNNAMED
24-Feb-2026 00:29:19.232 INFO [main] org.apache.catalina.startup.VersionLoggerListener.log Command line argument: --add-opens=java.base/java.util.concurrent=ALL-UNNAMED
24-Feb-2026 00:29:19.232 INFO [main] org.apache.catalina.startup.VersionLoggerListener.log Command line argument: --add-opens=java.rmi/sun.rmi.transport=ALL-UNNAMED
24-Feb-2026 00:29:19.232 INFO [main] org.apache.catalina.startup.VersionLoggerListener.log Command line argument: -Dcatalina.base=C:\myWebProject\tomcat
24-Feb-2026 00:29:19.232 INFO [main] org.apache.catalina.startup.VersionLoggerListener.log Command line argument: -Dcatalina.home=C:\myWebProject\tomcat
24-Feb-2026 00:29:19.232 INFO [main] org.apache.catalina.startup.VersionLoggerListener.log Command line argument: -Djava.io.tmpdir=C:\myWebProject\tomcat\temp
24-Feb-2026 00:29:19.241 INFO [main] org.apache.catalina.core.AprLifecycleListener.lifecycleEvent The Apache Tomcat Native library which allows using OpenSSL was not found on the java.library.path: [C:\Program Files\Java\jdk-21.0.10\bin;C:\WINDOWS\Sun\Java\bin;C:\WINDOWS\system32;C:\WINDOWS;C:\Program Files\Common Files\Oracle\Java\javapath;C:\Program Files\PlasticSCM5\server;C:\Program Files\PlasticSCM5\client;C:\WINDOWS\system32;C:\WINDOWS;C:\WINDOWS\System32\Wbem;C:\WINDOWS\System32\WindowsPowerShell\v1.0\;C:\WINDOWS\System32\OpenSSH\;C:\Program Files (x86)\PuTTY\;C:\Program Files\dotnet\;C:\Program Files\Apryse Software\Xodo PDF Studio\jre\bin\server;C:\Users\darre\AppData\Local\Programs\Python\Launcher\;C:\Users\darre\AppData\Local\Microsoft\WindowsApps;C:\Users\darre\AppData\Local\spicetify;C:\Users\darre\AppData\Local\Programs\Microsoft VS Code\bin;C:\Users\darre\AppData\Local\Microsoft\WindowsApps;C:\Users\darre\AppData\Local\Muse Hub\lib;C:\Users\darre\AppData\Local\GitHubDesktop\bin;.]
24-Feb-2026 00:29:19.831 INFO [main] org.apache.coyote.AbstractProtocol.init Initializing ProtocolHandler ["http-nio-9999"]
24-Feb-2026 00:29:19.884 INFO [main] org.apache.catalina.startup.Catalina.load Server initialization in [1062] milliseconds
24-Feb-2026 00:29:19.987 INFO [main] org.apache.catalina.core.StandardService.startInternal Starting service [Catalina]
24-Feb-2026 00:29:19.987 INFO [main] org.apache.catalina.core.StandardEngine.startInternal Starting Servlet engine: [Apache Tomcat/10.1.52]
24-Feb-2026 00:29:20.012 INFO [main] org.apache.catalina.startup.HostConfig.deployDirectory Deploying web application directory [C:\myWebProject\tomcat\webapps\docs]
24-Feb-2026 00:29:20.874 INFO [main] org.apache.catalina.startup.HostConfig.deployDirectory Deployment of web application directory [C:\myWebProject\tomcat\webapps\docs] has finished in [862] ms
24-Feb-2026 00:29:20.881 INFO [main] org.apache.catalina.startup.HostConfig.deployDirectory Deploying web application directory [C:\myWebProject\tomcat\webapps\examples]
24-Feb-2026 00:29:21.890 INFO [main] org.apache.catalina.startup.HostConfig.deployDirectory Deployment of web application directory [C:\myWebProject\tomcat\webapps\examples] has finished in [1,007] ms
24-Feb-2026 00:29:21.890 INFO [main] org.apache.catalina.startup.HostConfig.deployDirectory Deploying web application directory [C:\myWebProject\tomcat\webapps\hello]
24-Feb-2026 00:29:21.974 INFO [main] org.apache.catalina.startup.HostConfig.deployDirectory Deployment of web application directory [C:\myWebProject\tomcat\webapps\hello] has finished in [84] ms
24-Feb-2026 00:29:21.975 INFO [main] org.apache.catalina.startup.HostConfig.deployDirectory Deploying web application directory [C:\myWebProject\tomcat\webapps\host-manager]
24-Feb-2026 00:29:22.068 INFO [main] org.apache.catalina.startup.HostConfig.deployDirectory Deployment of web application directory [C:\myWebProject\tomcat\webapps\host-manager] has finished in [94] ms
24-Feb-2026 00:29:22.070 INFO [main] org.apache.catalina.startup.HostConfig.deployDirectory Deploying web application directory [C:\myWebProject\tomcat\webapps\manager]
24-Feb-2026 00:29:22.152 INFO [main] org.apache.catalina.startup.HostConfig.deployDirectory Deployment of web application directory [C:\myWebProject\tomcat\webapps\manager] has finished in [83] ms
24-Feb-2026 00:29:22.153 INFO [main] org.apache.catalina.startup.HostConfig.deployDirectory Deploying web application directory [C:\myWebProject\tomcat\webapps\ROOT]
24-Feb-2026 00:29:22.209 INFO [main] org.apache.catalina.startup.HostConfig.deployDirectory Deployment of web application directory [C:\myWebProject\tomcat\webapps\ROOT] has finished in [55] ms
24-Feb-2026 00:29:22.212 INFO [main] org.apache.coyote.AbstractProtocol.start Starting ProtocolHandler ["http-nio-9999"]
24-Feb-2026 00:29:22.254 INFO [main] org.apache.catalina.startup.Catalina.start Server startup in [2364] milliseconds
24-Feb-2026 00:51:20.529 INFO [Thread-1] org.apache.coyote.AbstractProtocol.pause Pausing ProtocolHandler ["http-nio-9999"]
24-Feb-2026 00:51:20.556 INFO [Thread-1] org.apache.catalina.core.StandardService.stopInternal Stopping service [Catalina]
24-Feb-2026 00:51:20.638 INFO [Thread-1] org.apache.coyote.AbstractProtocol.stop Stopping ProtocolHandler ["http-nio-9999"]
24-Feb-2026 00:51:20.652 INFO [Thread-1] org.apache.coyote.AbstractProtocol.destroy Destroying ProtocolHandler ["http-nio-9999"]
24-Feb-2026 19:21:55.353 INFO [main] org.apache.catalina.startup.VersionLoggerListener.log Server version name:   Apache Tomcat/10.1.52
24-Feb-2026 19:21:55.360 INFO [main] org.apache.catalina.startup.VersionLoggerListener.log Server built:          Jan 23 2026 19:29:07 UTC
24-Feb-2026 19:21:55.361 INFO [main] org.apache.catalina.startup.VersionLoggerListener.log Server version number: 10.1.52.0
24-Feb-2026 19:21:55.361 INFO [main] org.apache.catalina.startup.VersionLoggerListener.log OS Name:               Windows 11
24-Feb-2026 19:21:55.362 INFO [main] org.apache.catalina.startup.VersionLoggerListener.log OS Version:            10.0
24-Feb-2026 19:21:55.362 INFO [main] org.apache.catalina.startup.VersionLoggerListener.log Architecture:          amd64
24-Feb-2026 19:21:55.362 INFO [main] org.apache.catalina.startup.VersionLoggerListener.log Java Home:             C:\Program Files\Java\jdk-21.0.10
24-Feb-2026 19:21:55.364 INFO [main] org.apache.catalina.startup.VersionLoggerListener.log JVM Version:           21.0.10+8-LTS-217
24-Feb-2026 19:21:55.364 INFO [main] org.apache.catalina.startup.VersionLoggerListener.log JVM Vendor:            Oracle Corporation
24-Feb-2026 19:21:55.365 INFO [main] org.apache.catalina.startup.VersionLoggerListener.log CATALINA_BASE:         C:\myWebProject\tomcat
24-Feb-2026 19:21:55.365 INFO [main] org.apache.catalina.startup.VersionLoggerListener.log CATALINA_HOME:         C:\myWebProject\tomcat
24-Feb-2026 19:21:55.399 INFO [main] org.apache.catalina.startup.VersionLoggerListener.log Command line argument: -Djava.util.logging.config.file=C:\myWebProject\tomcat\conf\logging.properties
24-Feb-2026 19:21:55.399 INFO [main] org.apache.catalina.startup.VersionLoggerListener.log Command line argument: -Djava.util.logging.manager=org.apache.juli.ClassLoaderLogManager
24-Feb-2026 19:21:55.401 INFO [main] org.apache.catalina.startup.VersionLoggerListener.log Command line argument: -Djdk.tls.ephemeralDHKeySize=2048
24-Feb-2026 19:21:55.401 INFO [main] org.apache.catalina.startup.VersionLoggerListener.log Command line argument: -Djava.protocol.handler.pkgs=org.apache.catalina.webresources
24-Feb-2026 19:21:55.401 INFO [main] org.apache.catalina.startup.VersionLoggerListener.log Command line argument: -Dsun.io.useCanonCaches=false
24-Feb-2026 19:21:55.402 INFO [main] org.apache.catalina.startup.VersionLoggerListener.log Command line argument: --add-opens=java.base/java.lang=ALL-UNNAMED
24-Feb-2026 19:21:55.402 INFO [main] org.apache.catalina.startup.VersionLoggerListener.log Command line argument: --add-opens=java.base/java.lang.reflect=ALL-UNNAMED
24-Feb-2026 19:21:55.402 INFO [main] org.apache.catalina.startup.VersionLoggerListener.log Command line argument: --add-opens=java.base/java.io=ALL-UNNAMED
24-Feb-2026 19:21:55.402 INFO [main] org.apache.catalina.startup.VersionLoggerListener.log Command line argument: --add-opens=java.base/java.util=ALL-UNNAMED
24-Feb-2026 19:21:55.403 INFO [main] org.apache.catalina.startup.VersionLoggerListener.log Command line argument: --add-opens=java.base/java.util.concurrent=ALL-UNNAMED
24-Feb-2026 19:21:55.403 INFO [main] org.apache.catalina.startup.VersionLoggerListener.log Command line argument: --add-opens=java.rmi/sun.rmi.transport=ALL-UNNAMED
24-Feb-2026 19:21:55.403 INFO [main] org.apache.catalina.startup.VersionLoggerListener.log Command line argument: -Dcatalina.base=C:\myWebProject\tomcat
24-Feb-2026 19:21:55.403 INFO [main] org.apache.catalina.startup.VersionLoggerListener.log Command line argument: -Dcatalina.home=C:\myWebProject\tomcat
24-Feb-2026 19:21:55.403 INFO [main] org.apache.catalina.startup.VersionLoggerListener.log Command line argument: -Djava.io.tmpdir=C:\myWebProject\tomcat\temp
24-Feb-2026 19:21:55.420 INFO [main] org.apache.catalina.core.AprLifecycleListener.lifecycleEvent The Apache Tomcat Native library which allows using OpenSSL was not found on the java.library.path: [C:\Program Files\Java\jdk-21.0.10\bin;C:\WINDOWS\Sun\Java\bin;C:\WINDOWS\system32;C:\WINDOWS;C:\Program Files\Common Files\Oracle\Java\javapath;C:\Program Files\PlasticSCM5\server;C:\Program Files\PlasticSCM5\client;C:\WINDOWS\system32;C:\WINDOWS;C:\WINDOWS\System32\Wbem;C:\WINDOWS\System32\WindowsPowerShell\v1.0\;C:\WINDOWS\System32\OpenSSH\;C:\Program Files (x86)\PuTTY\;C:\Program Files\dotnet\;C:\Program Files\Apryse Software\Xodo PDF Studio\jre\bin\server;C:\Users\darre\AppData\Local\Programs\Python\Launcher\;C:\Users\darre\AppData\Local\Microsoft\WindowsApps;C:\Users\darre\AppData\Local\spicetify;C:\Users\darre\AppData\Local\Programs\Microsoft VS Code\bin;C:\Users\darre\AppData\Local\Microsoft\WindowsApps;C:\Users\darre\AppData\Local\Muse Hub\lib;C:\Users\darre\AppData\Local\GitHubDesktop\bin;.]
24-Feb-2026 19:21:55.946 INFO [main] org.apache.coyote.AbstractProtocol.init Initializing ProtocolHandler ["http-nio-9999"]
24-Feb-2026 19:21:56.001 INFO [main] org.apache.catalina.startup.Catalina.load Server initialization in [1071] milliseconds
24-Feb-2026 19:21:56.109 INFO [main] org.apache.catalina.core.StandardService.startInternal Starting service [Catalina]
24-Feb-2026 19:21:56.110 INFO [main] org.apache.catalina.core.StandardEngine.startInternal Starting Servlet engine: [Apache Tomcat/10.1.52]
24-Feb-2026 19:21:56.138 INFO [main] org.apache.catalina.startup.HostConfig.deployDirectory Deploying web application directory [C:\myWebProject\tomcat\webapps\docs]
24-Feb-2026 19:21:56.814 INFO [main] org.apache.catalina.startup.HostConfig.deployDirectory Deployment of web application directory [C:\myWebProject\tomcat\webapps\docs] has finished in [675] ms
24-Feb-2026 19:21:56.815 INFO [main] org.apache.catalina.startup.HostConfig.deployDirectory Deploying web application directory [C:\myWebProject\tomcat\webapps\examples]
24-Feb-2026 19:21:58.459 INFO [main] org.apache.catalina.startup.HostConfig.deployDirectory Deployment of web application directory [C:\myWebProject\tomcat\webapps\examples] has finished in [1,643] ms
24-Feb-2026 19:21:58.460 INFO [main] org.apache.catalina.startup.HostConfig.deployDirectory Deploying web application directory [C:\myWebProject\tomcat\webapps\hello]
24-Feb-2026 19:21:58.565 INFO [main] org.apache.catalina.startup.HostConfig.deployDirectory Deployment of web application directory [C:\myWebProject\tomcat\webapps\hello] has finished in [105] ms
24-Feb-2026 19:21:58.566 INFO [main] org.apache.catalina.startup.HostConfig.deployDirectory Deploying web application directory [C:\myWebProject\tomcat\webapps\host-manager]
24-Feb-2026 19:21:58.656 INFO [main] org.apache.catalina.startup.HostConfig.deployDirectory Deployment of web application directory [C:\myWebProject\tomcat\webapps\host-manager] has finished in [90] ms
24-Feb-2026 19:21:58.657 INFO [main] org.apache.catalina.startup.HostConfig.deployDirectory Deploying web application directory [C:\myWebProject\tomcat\webapps\manager]
24-Feb-2026 19:21:58.746 INFO [main] org.apache.catalina.startup.HostConfig.deployDirectory Deployment of web application directory [C:\myWebProject\tomcat\webapps\manager] has finished in [88] ms
24-Feb-2026 19:21:58.747 INFO [main] org.apache.catalina.startup.HostConfig.deployDirectory Deploying web application directory [C:\myWebProject\tomcat\webapps\ROOT]
24-Feb-2026 19:21:58.802 INFO [main] org.apache.catalina.startup.HostConfig.deployDirectory Deployment of web application directory [C:\myWebProject\tomcat\webapps\ROOT] has finished in [56] ms
24-Feb-2026 19:21:58.810 INFO [main] org.apache.coyote.AbstractProtocol.start Starting ProtocolHandler ["http-nio-9999"]
24-Feb-2026 19:21:58.866 INFO [main] org.apache.catalina.startup.Catalina.start Server startup in [2860] milliseconds
24-Feb-2026 19:24:50.080 INFO [Catalina-utility-2] org.apache.catalina.core.StandardContext.reload Reloading Context with name [/hello] has started
24-Feb-2026 19:24:50.189 INFO [Catalina-utility-2] org.apache.catalina.core.StandardContext.reload Reloading Context with name [/hello] is completed
24-Feb-2026 19:30:52.400 INFO [Catalina-utility-2] org.apache.catalina.core.StandardContext.reload Reloading Context with name [/hello] has started
24-Feb-2026 19:30:52.490 INFO [Catalina-utility-2] org.apache.catalina.core.StandardContext.reload Reloading Context with name [/hello] is completed
24-Feb-2026 19:37:52.966 INFO [Thread-1] org.apache.coyote.AbstractProtocol.pause Pausing ProtocolHandler ["http-nio-9999"]
24-Feb-2026 19:37:53.009 INFO [Thread-1] org.apache.catalina.core.StandardService.stopInternal Stopping service [Catalina]
24-Feb-2026 19:37:53.097 INFO [Thread-1] org.apache.coyote.AbstractProtocol.stop Stopping ProtocolHandler ["http-nio-9999"]
24-Feb-2026 19:37:53.131 INFO [Thread-1] org.apache.coyote.AbstractProtocol.destroy Destroying ProtocolHandler ["http-nio-9999"]
24-Feb-2026 19:38:30.913 INFO [main] org.apache.catalina.startup.VersionLoggerListener.log Server version name:   Apache Tomcat/10.1.52
24-Feb-2026 19:38:30.920 INFO [main] org.apache.catalina.startup.VersionLoggerListener.log Server built:          Jan 23 2026 19:29:07 UTC
24-Feb-2026 19:38:30.920 INFO [main] org.apache.catalina.startup.VersionLoggerListener.log Server version number: 10.1.52.0
24-Feb-2026 19:38:30.920 INFO [main] org.apache.catalina.startup.VersionLoggerListener.log OS Name:               Windows 11
24-Feb-2026 19:38:30.926 INFO [main] org.apache.catalina.startup.VersionLoggerListener.log OS Version:            10.0
24-Feb-2026 19:38:30.926 INFO [main] org.apache.catalina.startup.VersionLoggerListener.log Architecture:          amd64
24-Feb-2026 19:38:30.926 INFO [main] org.apache.catalina.startup.VersionLoggerListener.log Java Home:             C:\Program Files\Java\jdk-21.0.10
24-Feb-2026 19:38:30.926 INFO [main] org.apache.catalina.startup.VersionLoggerListener.log JVM Version:           21.0.10+8-LTS-217
24-Feb-2026 19:38:30.926 INFO [main] org.apache.catalina.startup.VersionLoggerListener.log JVM Vendor:            Oracle Corporation
24-Feb-2026 19:38:30.928 INFO [main] org.apache.catalina.startup.VersionLoggerListener.log CATALINA_BASE:         C:\myWebProject\tomcat
24-Feb-2026 19:38:30.928 INFO [main] org.apache.catalina.startup.VersionLoggerListener.log CATALINA_HOME:         C:\myWebProject\tomcat
24-Feb-2026 19:38:30.959 INFO [main] org.apache.catalina.startup.VersionLoggerListener.log Command line argument: -Djava.util.logging.config.file=C:\myWebProject\tomcat\conf\logging.properties
24-Feb-2026 19:38:30.960 INFO [main] org.apache.catalina.startup.VersionLoggerListener.log Command line argument: -Djava.util.logging.manager=org.apache.juli.ClassLoaderLogManager
24-Feb-2026 19:38:30.960 INFO [main] org.apache.catalina.startup.VersionLoggerListener.log Command line argument: -Djdk.tls.ephemeralDHKeySize=2048
24-Feb-2026 19:38:30.960 INFO [main] org.apache.catalina.startup.VersionLoggerListener.log Command line argument: -Djava.protocol.handler.pkgs=org.apache.catalina.webresources
24-Feb-2026 19:38:30.960 INFO [main] org.apache.catalina.startup.VersionLoggerListener.log Command line argument: -Dsun.io.useCanonCaches=false
24-Feb-2026 19:38:30.960 INFO [main] org.apache.catalina.startup.VersionLoggerListener.log Command line argument: --add-opens=java.base/java.lang=ALL-UNNAMED
24-Feb-2026 19:38:30.960 INFO [main] org.apache.catalina.startup.VersionLoggerListener.log Command line argument: --add-opens=java.base/java.lang.reflect=ALL-UNNAMED
24-Feb-2026 19:38:30.960 INFO [main] org.apache.catalina.startup.VersionLoggerListener.log Command line argument: --add-opens=java.base/java.io=ALL-UNNAMED
24-Feb-2026 19:38:30.960 INFO [main] org.apache.catalina.startup.VersionLoggerListener.log Command line argument: --add-opens=java.base/java.util=ALL-UNNAMED
24-Feb-2026 19:38:30.962 INFO [main] org.apache.catalina.startup.VersionLoggerListener.log Command line argument: --add-opens=java.base/java.util.concurrent=ALL-UNNAMED
24-Feb-2026 19:38:30.962 INFO [main] org.apache.catalina.startup.VersionLoggerListener.log Command line argument: --add-opens=java.rmi/sun.rmi.transport=ALL-UNNAMED
24-Feb-2026 19:38:30.962 INFO [main] org.apache.catalina.startup.VersionLoggerListener.log Command line argument: -Dcatalina.base=C:\myWebProject\tomcat
24-Feb-2026 19:38:30.962 INFO [main] org.apache.catalina.startup.VersionLoggerListener.log Command line argument: -Dcatalina.home=C:\myWebProject\tomcat
24-Feb-2026 19:38:30.962 INFO [main] org.apache.catalina.startup.VersionLoggerListener.log Command line argument: -Djava.io.tmpdir=C:\myWebProject\tomcat\temp
24-Feb-2026 19:38:30.978 INFO [main] org.apache.catalina.core.AprLifecycleListener.lifecycleEvent The Apache Tomcat Native library which allows using OpenSSL was not found on the java.library.path: [C:\Program Files\Java\jdk-21.0.10\bin;C:\WINDOWS\Sun\Java\bin;C:\WINDOWS\system32;C:\WINDOWS;C:\Program Files\Common Files\Oracle\Java\javapath;C:\Program Files\PlasticSCM5\server;C:\Program Files\PlasticSCM5\client;C:\WINDOWS\system32;C:\WINDOWS;C:\WINDOWS\System32\Wbem;C:\WINDOWS\System32\WindowsPowerShell\v1.0\;C:\WINDOWS\System32\OpenSSH\;C:\Program Files (x86)\PuTTY\;C:\Program Files\dotnet\;C:\Program Files\Apryse Software\Xodo PDF Studio\jre\bin\server;C:\Users\darre\AppData\Local\Programs\Python\Launcher\;C:\Users\darre\AppData\Local\Microsoft\WindowsApps;C:\Users\darre\AppData\Local\spicetify;C:\Users\darre\AppData\Local\Programs\Microsoft VS Code\bin;C:\Users\darre\AppData\Local\Microsoft\WindowsApps;C:\Users\darre\AppData\Local\Muse Hub\lib;C:\Users\darre\AppData\Local\GitHubDesktop\bin;.]
24-Feb-2026 19:38:31.672 INFO [main] org.apache.coyote.AbstractProtocol.init Initializing ProtocolHandler ["http-nio-9999"]
24-Feb-2026 19:38:31.738 INFO [main] org.apache.catalina.startup.Catalina.load Server initialization in [1298] milliseconds
24-Feb-2026 19:38:31.850 INFO [main] org.apache.catalina.core.StandardService.startInternal Starting service [Catalina]
24-Feb-2026 19:38:31.850 INFO [main] org.apache.catalina.core.StandardEngine.startInternal Starting Servlet engine: [Apache Tomcat/10.1.52]
24-Feb-2026 19:38:31.876 INFO [main] org.apache.catalina.startup.HostConfig.deployDirectory Deploying web application directory [C:\myWebProject\tomcat\webapps\docs]
24-Feb-2026 19:38:33.212 INFO [main] org.apache.jasper.servlet.TldScanner.scanJars At least one JAR was scanned for TLDs yet contained no TLDs. Enable debug logging for this logger for a complete list of JARs that were scanned but no TLDs were found in them. Skipping unneeded JARs during scanning can improve startup time and JSP compilation time.
24-Feb-2026 19:38:33.335 INFO [main] org.apache.catalina.startup.HostConfig.deployDirectory Deployment of web application directory [C:\myWebProject\tomcat\webapps\docs] has finished in [1,457] ms
24-Feb-2026 19:38:33.336 INFO [main] org.apache.catalina.startup.HostConfig.deployDirectory Deploying web application directory [C:\myWebProject\tomcat\webapps\examples]
24-Feb-2026 19:38:34.554 INFO [main] org.apache.jasper.servlet.TldScanner.scanJars At least one JAR was scanned for TLDs yet contained no TLDs. Enable debug logging for this logger for a complete list of JARs that were scanned but no TLDs were found in them. Skipping unneeded JARs during scanning can improve startup time and JSP compilation time.
24-Feb-2026 19:38:34.678 INFO [main] org.apache.catalina.startup.HostConfig.deployDirectory Deployment of web application directory [C:\myWebProject\tomcat\webapps\examples] has finished in [1,343] ms
24-Feb-2026 19:38:34.678 INFO [main] org.apache.catalina.startup.HostConfig.deployDirectory Deploying web application directory [C:\myWebProject\tomcat\webapps\hello]
24-Feb-2026 19:38:35.125 INFO [main] org.apache.jasper.servlet.TldScanner.scanJars At least one JAR was scanned for TLDs yet contained no TLDs. Enable debug logging for this logger for a complete list of JARs that were scanned but no TLDs were found in them. Skipping unneeded JARs during scanning can improve startup time and JSP compilation time.
24-Feb-2026 19:38:35.148 INFO [main] org.apache.catalina.startup.HostConfig.deployDirectory Deployment of web application directory [C:\myWebProject\tomcat\webapps\hello] has finished in [470] ms
24-Feb-2026 19:38:35.148 INFO [main] org.apache.catalina.startup.HostConfig.deployDirectory Deploying web application directory [C:\myWebProject\tomcat\webapps\host-manager]
24-Feb-2026 19:38:35.654 INFO [main] org.apache.jasper.servlet.TldScanner.scanJars At least one JAR was scanned for TLDs yet contained no TLDs. Enable debug logging for this logger for a complete list of JARs that were scanned but no TLDs were found in them. Skipping unneeded JARs during scanning can improve startup time and JSP compilation time.
24-Feb-2026 19:38:35.668 INFO [main] org.apache.catalina.startup.HostConfig.deployDirectory Deployment of web application directory [C:\myWebProject\tomcat\webapps\host-manager] has finished in [520] ms
24-Feb-2026 19:38:35.668 INFO [main] org.apache.catalina.startup.HostConfig.deployDirectory Deploying web application directory [C:\myWebProject\tomcat\webapps\manager]
24-Feb-2026 19:38:36.100 INFO [main] org.apache.jasper.servlet.TldScanner.scanJars At least one JAR was scanned for TLDs yet contained no TLDs. Enable debug logging for this logger for a complete list of JARs that were scanned but no TLDs were found in them. Skipping unneeded JARs during scanning can improve startup time and JSP compilation time.
24-Feb-2026 19:38:36.100 INFO [main] org.apache.catalina.startup.HostConfig.deployDirectory Deployment of web application directory [C:\myWebProject\tomcat\webapps\manager] has finished in [432] ms
24-Feb-2026 19:38:36.109 INFO [main] org.apache.catalina.startup.HostConfig.deployDirectory Deploying web application directory [C:\myWebProject\tomcat\webapps\ROOT]
24-Feb-2026 19:38:36.554 INFO [main] org.apache.jasper.servlet.TldScanner.scanJars At least one JAR was scanned for TLDs yet contained no TLDs. Enable debug logging for this logger for a complete list of JARs that were scanned but no TLDs were found in them. Skipping unneeded JARs during scanning can improve startup time and JSP compilation time.
24-Feb-2026 19:38:36.557 INFO [main] org.apache.catalina.startup.HostConfig.deployDirectory Deployment of web application directory [C:\myWebProject\tomcat\webapps\ROOT] has finished in [457] ms
24-Feb-2026 19:38:36.557 INFO [main] org.apache.coyote.AbstractProtocol.start Starting ProtocolHandler ["http-nio-9999"]
24-Feb-2026 19:38:36.619 INFO [main] org.apache.catalina.startup.Catalina.start Server startup in [4881] milliseconds
24-Feb-2026 20:51:09.740 INFO [Thread-1] org.apache.coyote.AbstractProtocol.pause Pausing ProtocolHandler ["http-nio-9999"]
24-Feb-2026 20:51:09.780 INFO [Thread-1] org.apache.catalina.core.StandardService.stopInternal Stopping service [Catalina]
24-Feb-2026 20:51:09.918 INFO [Thread-1] org.apache.coyote.AbstractProtocol.stop Stopping ProtocolHandler ["http-nio-9999"]
24-Feb-2026 20:51:09.941 INFO [Thread-1] org.apache.coyote.AbstractProtocol.destroy Destroying ProtocolHandler ["http-nio-9999"]
24-Feb-2026 20:52:56.169 INFO [main] org.apache.catalina.startup.VersionLoggerListener.log Server version name:   Apache Tomcat/10.1.52
24-Feb-2026 20:52:56.177 INFO [main] org.apache.catalina.startup.VersionLoggerListener.log Server built:          Jan 23 2026 19:29:07 UTC
24-Feb-2026 20:52:56.177 INFO [main] org.apache.catalina.startup.VersionLoggerListener.log Server version number: 10.1.52.0
24-Feb-2026 20:52:56.177 INFO [main] org.apache.catalina.startup.VersionLoggerListener.log OS Name:               Windows 11
24-Feb-2026 20:52:56.180 INFO [main] org.apache.catalina.startup.VersionLoggerListener.log OS Version:            10.0
24-Feb-2026 20:52:56.180 INFO [main] org.apache.catalina.startup.VersionLoggerListener.log Architecture:          amd64
24-Feb-2026 20:52:56.180 INFO [main] org.apache.catalina.startup.VersionLoggerListener.log Java Home:             C:\Program Files\Java\jdk-21.0.10
24-Feb-2026 20:52:56.180 INFO [main] org.apache.catalina.startup.VersionLoggerListener.log JVM Version:           21.0.10+8-LTS-217
24-Feb-2026 20:52:56.180 INFO [main] org.apache.catalina.startup.VersionLoggerListener.log JVM Vendor:            Oracle Corporation
24-Feb-2026 20:52:56.180 INFO [main] org.apache.catalina.startup.VersionLoggerListener.log CATALINA_BASE:         C:\myWebProject\tomcat
24-Feb-2026 20:52:56.180 INFO [main] org.apache.catalina.startup.VersionLoggerListener.log CATALINA_HOME:         C:\myWebProject\tomcat
24-Feb-2026 20:52:56.216 INFO [main] org.apache.catalina.startup.VersionLoggerListener.log Command line argument: -Djava.util.logging.config.file=C:\myWebProject\tomcat\conf\logging.properties
24-Feb-2026 20:52:56.217 INFO [main] org.apache.catalina.startup.VersionLoggerListener.log Command line argument: -Djava.util.logging.manager=org.apache.juli.ClassLoaderLogManager
24-Feb-2026 20:52:56.217 INFO [main] org.apache.catalina.startup.VersionLoggerListener.log Command line argument: -Djdk.tls.ephemeralDHKeySize=2048
24-Feb-2026 20:52:56.217 INFO [main] org.apache.catalina.startup.VersionLoggerListener.log Command line argument: -Djava.protocol.handler.pkgs=org.apache.catalina.webresources
24-Feb-2026 20:52:56.217 INFO [main] org.apache.catalina.startup.VersionLoggerListener.log Command line argument: -Dsun.io.useCanonCaches=false
24-Feb-2026 20:52:56.218 INFO [main] org.apache.catalina.startup.VersionLoggerListener.log Command line argument: --add-opens=java.base/java.lang=ALL-UNNAMED
24-Feb-2026 20:52:56.218 INFO [main] org.apache.catalina.startup.VersionLoggerListener.log Command line argument: --add-opens=java.base/java.lang.reflect=ALL-UNNAMED
24-Feb-2026 20:52:56.218 INFO [main] org.apache.catalina.startup.VersionLoggerListener.log Command line argument: --add-opens=java.base/java.io=ALL-UNNAMED
24-Feb-2026 20:52:56.218 INFO [main] org.apache.catalina.startup.VersionLoggerListener.log Command line argument: --add-opens=java.base/java.util=ALL-UNNAMED
24-Feb-2026 20:52:56.218 INFO [main] org.apache.catalina.startup.VersionLoggerListener.log Command line argument: --add-opens=java.base/java.util.concurrent=ALL-UNNAMED
24-Feb-2026 20:52:56.218 INFO [main] org.apache.catalina.startup.VersionLoggerListener.log Command line argument: --add-opens=java.rmi/sun.rmi.transport=ALL-UNNAMED
24-Feb-2026 20:52:56.218 INFO [main] org.apache.catalina.startup.VersionLoggerListener.log Command line argument: -Dcatalina.base=C:\myWebProject\tomcat
24-Feb-2026 20:52:56.218 INFO [main] org.apache.catalina.startup.VersionLoggerListener.log Command line argument: -Dcatalina.home=C:\myWebProject\tomcat
24-Feb-2026 20:52:56.218 INFO [main] org.apache.catalina.startup.VersionLoggerListener.log Command line argument: -Djava.io.tmpdir=C:\myWebProject\tomcat\temp
24-Feb-2026 20:52:56.239 INFO [main] org.apache.catalina.core.AprLifecycleListener.lifecycleEvent The Apache Tomcat Native library which allows using OpenSSL was not found on the java.library.path: [C:\Program Files\Java\jdk-21.0.10\bin;C:\WINDOWS\Sun\Java\bin;C:\WINDOWS\system32;C:\WINDOWS;C:\Program Files\Common Files\Oracle\Java\javapath;C:\Program Files\PlasticSCM5\server;C:\Program Files\PlasticSCM5\client;C:\WINDOWS\system32;C:\WINDOWS;C:\WINDOWS\System32\Wbem;C:\WINDOWS\System32\WindowsPowerShell\v1.0\;C:\WINDOWS\System32\OpenSSH\;C:\Program Files (x86)\PuTTY\;C:\Program Files\dotnet\;C:\Program Files\Apryse Software\Xodo PDF Studio\jre\bin\server;C:\Users\darre\AppData\Local\Programs\Python\Launcher\;C:\Users\darre\AppData\Local\Microsoft\WindowsApps;C:\Users\darre\AppData\Local\spicetify;C:\Users\darre\AppData\Local\Programs\Microsoft VS Code\bin;C:\Users\darre\AppData\Local\Microsoft\WindowsApps;C:\Users\darre\AppData\Local\Muse Hub\lib;C:\Users\darre\AppData\Local\GitHubDesktop\bin;.]
24-Feb-2026 20:52:57.044 INFO [main] org.apache.coyote.AbstractProtocol.init Initializing ProtocolHandler ["http-nio-9999"]
24-Feb-2026 20:52:57.123 INFO [main] org.apache.catalina.startup.Catalina.load Server initialization in [1426] milliseconds
24-Feb-2026 20:52:57.246 INFO [main] org.apache.catalina.core.StandardService.startInternal Starting service [Catalina]
24-Feb-2026 20:52:57.246 INFO [main] org.apache.catalina.core.StandardEngine.startInternal Starting Servlet engine: [Apache Tomcat/10.1.52]
24-Feb-2026 20:52:57.276 INFO [main] org.apache.catalina.startup.HostConfig.deployDirectory Deploying web application directory [C:\myWebProject\tomcat\webapps\docs]
24-Feb-2026 20:52:58.671 INFO [main] org.apache.jasper.servlet.TldScanner.scanJars At least one JAR was scanned for TLDs yet contained no TLDs. Enable debug logging for this logger for a complete list of JARs that were scanned but no TLDs were found in them. Skipping unneeded JARs during scanning can improve startup time and JSP compilation time.
24-Feb-2026 20:52:58.795 INFO [main] org.apache.catalina.startup.HostConfig.deployDirectory Deployment of web application directory [C:\myWebProject\tomcat\webapps\docs] has finished in [1,518] ms
24-Feb-2026 20:52:58.797 INFO [main] org.apache.catalina.startup.HostConfig.deployDirectory Deploying web application directory [C:\myWebProject\tomcat\webapps\examples]
24-Feb-2026 20:53:00.041 INFO [main] org.apache.jasper.servlet.TldScanner.scanJars At least one JAR was scanned for TLDs yet contained no TLDs. Enable debug logging for this logger for a complete list of JARs that were scanned but no TLDs were found in them. Skipping unneeded JARs during scanning can improve startup time and JSP compilation time.
24-Feb-2026 20:53:00.150 INFO [main] org.apache.catalina.startup.HostConfig.deployDirectory Deployment of web application directory [C:\myWebProject\tomcat\webapps\examples] has finished in [1,353] ms
24-Feb-2026 20:53:00.151 INFO [main] org.apache.catalina.startup.HostConfig.deployDirectory Deploying web application directory [C:\myWebProject\tomcat\webapps\hello]
24-Feb-2026 20:53:00.626 INFO [main] org.apache.jasper.servlet.TldScanner.scanJars At least one JAR was scanned for TLDs yet contained no TLDs. Enable debug logging for this logger for a complete list of JARs that were scanned but no TLDs were found in them. Skipping unneeded JARs during scanning can improve startup time and JSP compilation time.
24-Feb-2026 20:53:00.647 INFO [main] org.apache.catalina.startup.HostConfig.deployDirectory Deployment of web application directory [C:\myWebProject\tomcat\webapps\hello] has finished in [494] ms
24-Feb-2026 20:53:00.647 INFO [main] org.apache.catalina.startup.HostConfig.deployDirectory Deploying web application directory [C:\myWebProject\tomcat\webapps\host-manager]
24-Feb-2026 20:53:01.118 INFO [main] org.apache.jasper.servlet.TldScanner.scanJars At least one JAR was scanned for TLDs yet contained no TLDs. Enable debug logging for this logger for a complete list of JARs that were scanned but no TLDs were found in them. Skipping unneeded JARs during scanning can improve startup time and JSP compilation time.
24-Feb-2026 20:53:01.140 INFO [main] org.apache.catalina.startup.HostConfig.deployDirectory Deployment of web application directory [C:\myWebProject\tomcat\webapps\host-manager] has finished in [493] ms
24-Feb-2026 20:53:01.141 INFO [main] org.apache.catalina.startup.HostConfig.deployDirectory Deploying web application directory [C:\myWebProject\tomcat\webapps\manager]
24-Feb-2026 20:53:01.551 INFO [main] org.apache.jasper.servlet.TldScanner.scanJars At least one JAR was scanned for TLDs yet contained no TLDs. Enable debug logging for this logger for a complete list of JARs that were scanned but no TLDs were found in them. Skipping unneeded JARs during scanning can improve startup time and JSP compilation time.
24-Feb-2026 20:53:01.558 INFO [main] org.apache.catalina.startup.HostConfig.deployDirectory Deployment of web application directory [C:\myWebProject\tomcat\webapps\manager] has finished in [416] ms
24-Feb-2026 20:53:01.558 INFO [main] org.apache.catalina.startup.HostConfig.deployDirectory Deploying web application directory [C:\myWebProject\tomcat\webapps\ROOT]
24-Feb-2026 20:53:01.925 INFO [main] org.apache.jasper.servlet.TldScanner.scanJars At least one JAR was scanned for TLDs yet contained no TLDs. Enable debug logging for this logger for a complete list of JARs that were scanned but no TLDs were found in them. Skipping unneeded JARs during scanning can improve startup time and JSP compilation time.
24-Feb-2026 20:53:01.933 INFO [main] org.apache.catalina.startup.HostConfig.deployDirectory Deployment of web application directory [C:\myWebProject\tomcat\webapps\ROOT] has finished in [375] ms
24-Feb-2026 20:53:01.937 INFO [main] org.apache.coyote.AbstractProtocol.start Starting ProtocolHandler ["http-nio-9999"]
24-Feb-2026 20:53:02.001 INFO [main] org.apache.catalina.startup.Catalina.start Server startup in [4873] milliseconds
