24-Feb-2026 00:14:45.946 INFO [main] org.apache.catalina.core.ApplicationContext.log ContextListener: contextInitialized()
24-Feb-2026 00:14:45.946 INFO [main] org.apache.catalina.core.ApplicationContext.log SessionListener: contextInitialized()
24-Feb-2026 00:14:45.946 INFO [main] org.apache.catalina.core.ApplicationContext.log ContextListener: attributeAdded('StockTicker', 'async.Stockticker@54227100')
24-Feb-2026 00:26:16.742 INFO [Thread-1] org.apache.catalina.core.ApplicationContext.log SessionListener: contextDestroyed()
24-Feb-2026 00:26:16.742 INFO [Thread-1] org.apache.catalina.core.ApplicationContext.log ContextListener: contextDestroyed()
24-Feb-2026 00:29:21.863 INFO [main] org.apache.catalina.core.ApplicationContext.log ContextListener: contextInitialized()
24-Feb-2026 00:29:21.863 INFO [main] org.apache.catalina.core.ApplicationContext.log SessionListener: contextInitialized()
24-Feb-2026 00:29:21.868 INFO [main] org.apache.catalina.core.ApplicationContext.log ContextListener: attributeAdded('StockTicker', 'async.Stockticker@3f363cf5')
24-Feb-2026 00:51:20.601 INFO [Thread-1] org.apache.catalina.core.ApplicationContext.log SessionListener: contextDestroyed()
24-Feb-2026 00:51:20.601 INFO [Thread-1] org.apache.catalina.core.ApplicationContext.log ContextListener: contextDestroyed()
24-Feb-2026 19:21:58.418 INFO [main] org.apache.catalina.core.ApplicationContext.log ContextListener: contextInitialized()
24-Feb-2026 19:21:58.419 INFO [main] org.apache.catalina.core.ApplicationContext.log SessionListener: contextInitialized()
24-Feb-2026 19:21:58.426 INFO [main] org.apache.catalina.core.ApplicationContext.log ContextListener: attributeAdded('StockTicker', 'async.Stockticker@7829b776')
24-Feb-2026 19:37:53.046 INFO [Thread-1] org.apache.catalina.core.ApplicationContext.log SessionListener: contextDestroyed()
24-Feb-2026 19:37:53.046 INFO [Thread-1] org.apache.catalina.core.ApplicationContext.log ContextListener: contextDestroyed()
24-Feb-2026 19:38:34.644 INFO [main] org.apache.catalina.core.ApplicationContext.log ContextListener: contextInitialized()
24-Feb-2026 19:38:34.644 INFO [main] org.apache.catalina.core.ApplicationContext.log SessionListener: contextInitialized()
24-Feb-2026 19:38:34.652 INFO [main] org.apache.catalina.core.ApplicationContext.log ContextListener: attributeAdded('StockTicker', 'async.Stockticker@2611b9a3')
24-Feb-2026 20:51:09.871 INFO [Thread-1] org.apache.catalina.core.ApplicationContext.log SessionListener: contextDestroyed()
24-Feb-2026 20:51:09.871 INFO [Thread-1] org.apache.catalina.core.ApplicationContext.log ContextListener: contextDestroyed()
24-Feb-2026 20:53:00.125 INFO [main] org.apache.catalina.core.ApplicationContext.log ContextListener: contextInitialized()
24-Feb-2026 20:53:00.125 INFO [main] org.apache.catalina.core.ApplicationContext.log SessionListener: contextInitialized()
24-Feb-2026 20:53:00.130 INFO [main] org.apache.catalina.core.ApplicationContext.log ContextListener: attributeAdded('StockTicker', 'async.Stockticker@4264b240')
